14:16:51 GET: /api/books user-agent: PostmanRuntime/7.26.8
14:16:57 GET: /api/books/160889473331335695790067ed7986 user-agent: PostmanRuntime/7.26.8
14:17:5 GET: /public user-agent: PostmanRuntime/7.26.8
14:17:21 GET: /files user-agent: PostmanRuntime/7.26.8
14:17:21 GET: /files/ user-agent: PostmanRuntime/7.26.8
14:17:52 GET: /api/books/ user-agent: PostmanRuntime/7.26.8
14:18:8 POST: /api/books/160889473331335695790067ed7986/download user-agent: PostmanRuntime/7.26.8
14:21:37 POST: /api/books/160889473331335695790067ed7986/download user-agent: PostmanRuntime/7.26.8
14:23:3 POST: /api/books/160889473331335695790067ed7986/download user-agent: PostmanRuntime/7.26.8
14:24:7 POST: /api/books/160889473331335695790067ed7986/download user-agent: PostmanRuntime/7.26.8
14:28:31 POST: /api/books/160889473331335695790067ed7986/download user-agent: PostmanRuntime/7.26.8
14:40:2 POST: /api/books/160889473331335695790067ed7986/upload user-agent: PostmanRuntime/7.26.8
14:40:17 GET: /api/books/160889473331335695790067ed7986 user-agent: PostmanRuntime/7.26.8
14:40:26 GET: /api/books/160889473331335695790067ed7986 user-agent: PostmanRuntime/7.26.8
14:40:39 POST: /api/books/160889473331335695790067ed7986/upload user-agent: PostmanRuntime/7.26.8
14:40:55 POST: /api/books/160889473331335695790067ed7986/upload user-agent: PostmanRuntime/7.26.8
14:41:29 POST: /api/books/160889473331335695790067ed7986/upload user-agent: PostmanRuntime/7.26.8
14:41:41 POST: /api/books/160889473331335695790067ed7986/upload user-agent: PostmanRuntime/7.26.8
14:42:16 POST: /api/books/160889473331335695790067ed7986/upload user-agent: PostmanRuntime/7.26.8
15:1:23 GET: / user-agent: PostmanRuntime/7.26.8
15:2:49 GET: / user-agent: PostmanRuntime/7.26.8
15:11:56 GET: / user-agent: PostmanRuntime/7.26.8
15:12:2 GET: /books user-agent: PostmanRuntime/7.26.8
15:12:9 GET: /books/ user-agent: PostmanRuntime/7.26.8
15:13:45 GET: /books/ user-agent: PostmanRuntime/7.26.8
15:14:39 GET: /books/ user-agent: PostmanRuntime/7.26.8
15:14:44 GET: / user-agent: PostmanRuntime/7.26.8
15:15:59 GET: / user-agent: PostmanRuntime/7.26.8
15:16:3 GET: / user-agent: PostmanRuntime/7.26.8
15:16:5 GET: /books user-agent: PostmanRuntime/7.26.8
15:16:19 GET: /books user-agent: PostmanRuntime/7.26.8
15:16:38 GET: /books user-agent: PostmanRuntime/7.26.8
15:16:41 GET: / user-agent: PostmanRuntime/7.26.8
15:17:38 GET: / user-agent: PostmanRuntime/7.26.8
14:5:49 GET: / user-agent: Mozilla/5.0 (Windows NT 10.0; Win64; x64; rv:85.0) Gecko/20100101 Firefox/85.0
14:18:16 GET: / user-agent: Mozilla/5.0 (Windows NT 10.0; Win64; x64; rv:85.0) Gecko/20100101 Firefox/85.0
14:18:18 GET: /favicon.ico user-agent: Mozilla/5.0 (Windows NT 10.0; Win64; x64; rv:85.0) Gecko/20100101 Firefox/85.0
14:18:31 GET: / user-agent: Mozilla/5.0 (Windows NT 10.0; Win64; x64; rv:85.0) Gecko/20100101 Firefox/85.0
14:19:15 GET: /todo user-agent: Mozilla/5.0 (Windows NT 10.0; Win64; x64; rv:85.0) Gecko/20100101 Firefox/85.0
14:19:32 GET: / user-agent: Mozilla/5.0 (Windows NT 10.0; Win64; x64; rv:85.0) Gecko/20100101 Firefox/85.0
14:19:34 GET: / user-agent: Mozilla/5.0 (Windows NT 10.0; Win64; x64; rv:85.0) Gecko/20100101 Firefox/85.0
14:19:37 GET: / user-agent: Mozilla/5.0 (Windows NT 10.0; Win64; x64; rv:85.0) Gecko/20100101 Firefox/85.0
14:19:38 GET: /books user-agent: Mozilla/5.0 (Windows NT 10.0; Win64; x64; rv:85.0) Gecko/20100101 Firefox/85.0
14:43:25 GET: / user-agent: Mozilla/5.0 (Windows NT 10.0; Win64; x64; rv:85.0) Gecko/20100101 Firefox/85.0
14:43:28 GET: /books user-agent: Mozilla/5.0 (Windows NT 10.0; Win64; x64; rv:85.0) Gecko/20100101 Firefox/85.0
14:45:46 GET: /books user-agent: Mozilla/5.0 (Windows NT 10.0; Win64; x64; rv:85.0) Gecko/20100101 Firefox/85.0
14:46:8 GET: /books user-agent: Mozilla/5.0 (Windows NT 10.0; Win64; x64; rv:85.0) Gecko/20100101 Firefox/85.0
14:46:28 GET: /books/create user-agent: Mozilla/5.0 (Windows NT 10.0; Win64; x64; rv:85.0) Gecko/20100101 Firefox/85.0
14:47:10 POST: /books/create user-agent: Mozilla/5.0 (Windows NT 10.0; Win64; x64; rv:85.0) Gecko/20100101 Firefox/85.0
14:47:10 GET: /books user-agent: Mozilla/5.0 (Windows NT 10.0; Win64; x64; rv:85.0) Gecko/20100101 Firefox/85.0
14:49:6 GET: /books user-agent: Mozilla/5.0 (Windows NT 10.0; Win64; x64; rv:85.0) Gecko/20100101 Firefox/85.0
14:49:10 GET: /books user-agent: Mozilla/5.0 (Windows NT 10.0; Win64; x64; rv:85.0) Gecko/20100101 Firefox/85.0
14:49:13 GET: /books/create user-agent: Mozilla/5.0 (Windows NT 10.0; Win64; x64; rv:85.0) Gecko/20100101 Firefox/85.0
14:49:17 POST: /books/create user-agent: Mozilla/5.0 (Windows NT 10.0; Win64; x64; rv:85.0) Gecko/20100101 Firefox/85.0
14:49:18 GET: /books user-agent: Mozilla/5.0 (Windows NT 10.0; Win64; x64; rv:85.0) Gecko/20100101 Firefox/85.0
14:49:23 GET: /books user-agent: Mozilla/5.0 (Windows NT 10.0; Win64; x64; rv:85.0) Gecko/20100101 Firefox/85.0
14:49:40 GET: /books/create user-agent: Mozilla/5.0 (Windows NT 10.0; Win64; x64; rv:85.0) Gecko/20100101 Firefox/85.0
14:49:44 POST: /books/create user-agent: Mozilla/5.0 (Windows NT 10.0; Win64; x64; rv:85.0) Gecko/20100101 Firefox/85.0
14:49:44 GET: /books user-agent: Mozilla/5.0 (Windows NT 10.0; Win64; x64; rv:85.0) Gecko/20100101 Firefox/85.0
14:51:15 GET: /books/create user-agent: Mozilla/5.0 (Windows NT 10.0; Win64; x64; rv:85.0) Gecko/20100101 Firefox/85.0
14:51:19 POST: /books/create user-agent: Mozilla/5.0 (Windows NT 10.0; Win64; x64; rv:85.0) Gecko/20100101 Firefox/85.0
14:51:19 GET: /books user-agent: Mozilla/5.0 (Windows NT 10.0; Win64; x64; rv:85.0) Gecko/20100101 Firefox/85.0
14:51:41 GET: /books user-agent: Mozilla/5.0 (Windows NT 10.0; Win64; x64; rv:85.0) Gecko/20100101 Firefox/85.0
14:51:51 GET: /books/161148908839636408200c345360d user-agent: Mozilla/5.0 (Windows NT 10.0; Win64; x64; rv:85.0) Gecko/20100101 Firefox/85.0
14:51:53 GET: /books/update/161148908839636408200c345360d user-agent: Mozilla/5.0 (Windows NT 10.0; Win64; x64; rv:85.0) Gecko/20100101 Firefox/85.0
14:52:19 GET: /books/update/161148908839636408200c345360d user-agent: Mozilla/5.0 (Windows NT 10.0; Win64; x64; rv:85.0) Gecko/20100101 Firefox/85.0
14:52:19 GET: /404 user-agent: Mozilla/5.0 (Windows NT 10.0; Win64; x64; rv:85.0) Gecko/20100101 Firefox/85.0
14:52:24 GET: /books/update/161148908839636408200c345360d user-agent: Mozilla/5.0 (Windows NT 10.0; Win64; x64; rv:85.0) Gecko/20100101 Firefox/85.0
14:52:24 GET: /404 user-agent: Mozilla/5.0 (Windows NT 10.0; Win64; x64; rv:85.0) Gecko/20100101 Firefox/85.0
14:53:54 GET: /books/161148908839636408200c345360d user-agent: Mozilla/5.0 (Windows NT 10.0; Win64; x64; rv:85.0) Gecko/20100101 Firefox/85.0
14:53:54 GET: /404 user-agent: Mozilla/5.0 (Windows NT 10.0; Win64; x64; rv:85.0) Gecko/20100101 Firefox/85.0
14:53:58 GET: /books/update/161148908839636408200c345360d user-agent: Mozilla/5.0 (Windows NT 10.0; Win64; x64; rv:85.0) Gecko/20100101 Firefox/85.0
14:53:58 GET: /404 user-agent: Mozilla/5.0 (Windows NT 10.0; Win64; x64; rv:85.0) Gecko/20100101 Firefox/85.0
14:54:32 POST: /books/delete/161148908839636408200c345360d user-agent: Mozilla/5.0 (Windows NT 10.0; Win64; x64; rv:85.0) Gecko/20100101 Firefox/85.0
14:54:32 GET: /404 user-agent: Mozilla/5.0 (Windows NT 10.0; Win64; x64; rv:85.0) Gecko/20100101 Firefox/85.0
14:54:51 POST: /books/delete/161148908839636408200c345360d user-agent: Mozilla/5.0 (Windows NT 10.0; Win64; x64; rv:85.0) Gecko/20100101 Firefox/85.0
14:54:51 GET: /404 user-agent: Mozilla/5.0 (Windows NT 10.0; Win64; x64; rv:85.0) Gecko/20100101 Firefox/85.0
14:54:59 POST: /books/delete/161148908839636408200c345360d user-agent: Mozilla/5.0 (Windows NT 10.0; Win64; x64; rv:85.0) Gecko/20100101 Firefox/85.0
14:54:59 GET: /404 user-agent: Mozilla/5.0 (Windows NT 10.0; Win64; x64; rv:85.0) Gecko/20100101 Firefox/85.0
14:55:27 GET: /books user-agent: Mozilla/5.0 (Windows NT 10.0; Win64; x64; rv:85.0) Gecko/20100101 Firefox/85.0
14:55:33 POST: /books/delete/1611489321092741982700c77cc2d4 user-agent: Mozilla/5.0 (Windows NT 10.0; Win64; x64; rv:85.0) Gecko/20100101 Firefox/85.0
14:55:33 GET: /books user-agent: Mozilla/5.0 (Windows NT 10.0; Win64; x64; rv:85.0) Gecko/20100101 Firefox/85.0
14:56:25 GET: /books/update/16114893210927418605006acfe8b3 user-agent: Mozilla/5.0 (Windows NT 10.0; Win64; x64; rv:85.0) Gecko/20100101 Firefox/85.0
14:56:25 GET: /404 user-agent: Mozilla/5.0 (Windows NT 10.0; Win64; x64; rv:85.0) Gecko/20100101 Firefox/85.0
14:56:44 GET: /404 user-agent: Mozilla/5.0 (Windows NT 10.0; Win64; x64; rv:85.0) Gecko/20100101 Firefox/85.0
14:56:48 GET: /books/update/16114893210927418605006acfe8b3 user-agent: Mozilla/5.0 (Windows NT 10.0; Win64; x64; rv:85.0) Gecko/20100101 Firefox/85.0
14:56:48 GET: /404 user-agent: Mozilla/5.0 (Windows NT 10.0; Win64; x64; rv:85.0) Gecko/20100101 Firefox/85.0
14:56:50 GET: /books user-agent: Mozilla/5.0 (Windows NT 10.0; Win64; x64; rv:85.0) Gecko/20100101 Firefox/85.0
14:56:53 GET: /books/update/161148939722586526560015210473 user-agent: Mozilla/5.0 (Windows NT 10.0; Win64; x64; rv:85.0) Gecko/20100101 Firefox/85.0
14:57:20 POST: /books/update/161148939722586526560015210473 user-agent: Mozilla/5.0 (Windows NT 10.0; Win64; x64; rv:85.0) Gecko/20100101 Firefox/85.0
14:57:20 GET: /books/161148939722586526560015210473 user-agent: Mozilla/5.0 (Windows NT 10.0; Win64; x64; rv:85.0) Gecko/20100101 Firefox/85.0
14:57:30 GET: /books/update/161148939722586526560015210473 user-agent: Mozilla/5.0 (Windows NT 10.0; Win64; x64; rv:85.0) Gecko/20100101 Firefox/85.0
14:59:19 GET: / user-agent: Mozilla/5.0 (Windows NT 10.0; Win64; x64; rv:85.0) Gecko/20100101 Firefox/85.0
14:59:23 GET: /books user-agent: Mozilla/5.0 (Windows NT 10.0; Win64; x64; rv:85.0) Gecko/20100101 Firefox/85.0
14:59:26 GET: /books/create user-agent: Mozilla/5.0 (Windows NT 10.0; Win64; x64; rv:85.0) Gecko/20100101 Firefox/85.0
14:59:30 POST: /books/create user-agent: Mozilla/5.0 (Windows NT 10.0; Win64; x64; rv:85.0) Gecko/20100101 Firefox/85.0
14:59:30 GET: /books user-agent: Mozilla/5.0 (Windows NT 10.0; Win64; x64; rv:85.0) Gecko/20100101 Firefox/85.0
15:0:24 GET: /books/create user-agent: Mozilla/5.0 (Windows NT 10.0; Win64; x64; rv:85.0) Gecko/20100101 Firefox/85.0
15:1:54 GET: /books/create user-agent: Mozilla/5.0 (Windows NT 10.0; Win64; x64; rv:85.0) Gecko/20100101 Firefox/85.0
15:1:56 GET: /books/create user-agent: Mozilla/5.0 (Windows NT 10.0; Win64; x64; rv:85.0) Gecko/20100101 Firefox/85.0
15:2:7 GET: /books/create user-agent: Mozilla/5.0 (Windows NT 10.0; Win64; x64; rv:85.0) Gecko/20100101 Firefox/85.0
15:2:20 GET: /books/create user-agent: Mozilla/5.0 (Windows NT 10.0; Win64; x64; rv:85.0) Gecko/20100101 Firefox/85.0
15:2:22 GET: / user-agent: Mozilla/5.0 (Windows NT 10.0; Win64; x64; rv:85.0) Gecko/20100101 Firefox/85.0
15:2:23 GET: / user-agent: Mozilla/5.0 (Windows NT 10.0; Win64; x64; rv:85.0) Gecko/20100101 Firefox/85.0
15:2:24 GET: /books user-agent: Mozilla/5.0 (Windows NT 10.0; Win64; x64; rv:85.0) Gecko/20100101 Firefox/85.0
15:2:28 GET: /books/1611489523455947473005849eae7 user-agent: Mozilla/5.0 (Windows NT 10.0; Win64; x64; rv:85.0) Gecko/20100101 Firefox/85.0
15:3:57 GET: / user-agent: Mozilla/5.0 (Windows NT 10.0; Win64; x64; rv:85.0) Gecko/20100101 Firefox/85.0
15:4:0 GET: /books user-agent: Mozilla/5.0 (Windows NT 10.0; Win64; x64; rv:85.0) Gecko/20100101 Firefox/85.0
15:4:12 GET: /books user-agent: Mozilla/5.0 (Windows NT 10.0; Win64; x64; rv:85.0) Gecko/20100101 Firefox/85.0
15:4:28 GET: /books/create user-agent: Mozilla/5.0 (Windows NT 10.0; Win64; x64; rv:85.0) Gecko/20100101 Firefox/85.0
15:4:32 POST: /books/create user-agent: Mozilla/5.0 (Windows NT 10.0; Win64; x64; rv:85.0) Gecko/20100101 Firefox/85.0
15:4:32 GET: /books user-agent: Mozilla/5.0 (Windows NT 10.0; Win64; x64; rv:85.0) Gecko/20100101 Firefox/85.0
15:6:31 GET: /books user-agent: Mozilla/5.0 (Windows NT 10.0; Win64; x64; rv:85.0) Gecko/20100101 Firefox/85.0
15:6:36 GET: /books/create user-agent: Mozilla/5.0 (Windows NT 10.0; Win64; x64; rv:85.0) Gecko/20100101 Firefox/85.0
15:6:43 POST: /books/create user-agent: Mozilla/5.0 (Windows NT 10.0; Win64; x64; rv:85.0) Gecko/20100101 Firefox/85.0
15:7:1 POST: /books/create user-agent: Mozilla/5.0 (Windows NT 10.0; Win64; x64; rv:85.0) Gecko/20100101 Firefox/85.0
15:7:28 POST: /books/create user-agent: Mozilla/5.0 (Windows NT 10.0; Win64; x64; rv:85.0) Gecko/20100101 Firefox/85.0
15:9:23 POST: /books/create user-agent: Mozilla/5.0 (Windows NT 10.0; Win64; x64; rv:85.0) Gecko/20100101 Firefox/85.0
15:9:27 GET: /books/ user-agent: Mozilla/5.0 (Windows NT 10.0; Win64; x64; rv:85.0) Gecko/20100101 Firefox/85.0
15:9:30 GET: /books/1611490041647289854300666516c9 user-agent: Mozilla/5.0 (Windows NT 10.0; Win64; x64; rv:85.0) Gecko/20100101 Firefox/85.0
15:9:48 GET: / user-agent: Mozilla/5.0 (Windows NT 10.0; Win64; x64; rv:85.0) Gecko/20100101 Firefox/85.0
15:9:49 GET: /books user-agent: Mozilla/5.0 (Windows NT 10.0; Win64; x64; rv:85.0) Gecko/20100101 Firefox/85.0
15:9:50 GET: /books/update/1611490041647289907600c5619241 user-agent: Mozilla/5.0 (Windows NT 10.0; Win64; x64; rv:85.0) Gecko/20100101 Firefox/85.0
15:9:53 GET: /books user-agent: Mozilla/5.0 (Windows NT 10.0; Win64; x64; rv:85.0) Gecko/20100101 Firefox/85.0
15:10:24 GET: /books user-agent: Mozilla/5.0 (Windows NT 10.0; Win64; x64; rv:85.0) Gecko/20100101 Firefox/85.0
15:10:30 GET: /books/create user-agent: Mozilla/5.0 (Windows NT 10.0; Win64; x64; rv:85.0) Gecko/20100101 Firefox/85.0
15:10:35 POST: /books/create user-agent: Mozilla/5.0 (Windows NT 10.0; Win64; x64; rv:85.0) Gecko/20100101 Firefox/85.0
15:11:14 POST: /books/create user-agent: Mozilla/5.0 (Windows NT 10.0; Win64; x64; rv:85.0) Gecko/20100101 Firefox/85.0
15:11:14 GET: /books user-agent: Mozilla/5.0 (Windows NT 10.0; Win64; x64; rv:85.0) Gecko/20100101 Firefox/85.0
15:11:18 POST: /books/delete/1611490271991633210300f32d0e28 user-agent: Mozilla/5.0 (Windows NT 10.0; Win64; x64; rv:85.0) Gecko/20100101 Firefox/85.0
15:11:18 GET: /books user-agent: Mozilla/5.0 (Windows NT 10.0; Win64; x64; rv:85.0) Gecko/20100101 Firefox/85.0
15:11:20 POST: /books/delete/1611490271991633332200e40e8174 user-agent: Mozilla/5.0 (Windows NT 10.0; Win64; x64; rv:85.0) Gecko/20100101 Firefox/85.0
15:11:20 GET: /books user-agent: Mozilla/5.0 (Windows NT 10.0; Win64; x64; rv:85.0) Gecko/20100101 Firefox/85.0
15:11:23 POST: /books/delete/16114902745832251868009af19d41 user-agent: Mozilla/5.0 (Windows NT 10.0; Win64; x64; rv:85.0) Gecko/20100101 Firefox/85.0
15:11:23 GET: /books user-agent: Mozilla/5.0 (Windows NT 10.0; Win64; x64; rv:85.0) Gecko/20100101 Firefox/85.0
15:11:26 GET: /books user-agent: Mozilla/5.0 (Windows NT 10.0; Win64; x64; rv:85.0) Gecko/20100101 Firefox/85.0
15:11:28 GET: /books/16114902719916333778002d3adc53 user-agent: Mozilla/5.0 (Windows NT 10.0; Win64; x64; rv:85.0) Gecko/20100101 Firefox/85.0
15:12:3 GET: /books user-agent: Mozilla/5.0 (Windows NT 10.0; Win64; x64; rv:85.0) Gecko/20100101 Firefox/85.0
15:12:5 GET: /books/16114902719916333778002d3adc53 user-agent: Mozilla/5.0 (Windows NT 10.0; Win64; x64; rv:85.0) Gecko/20100101 Firefox/85.0
15:12:6 GET: / user-agent: Mozilla/5.0 (Windows NT 10.0; Win64; x64; rv:85.0) Gecko/20100101 Firefox/85.0
15:12:8 GET: /books user-agent: Mozilla/5.0 (Windows NT 10.0; Win64; x64; rv:85.0) Gecko/20100101 Firefox/85.0
15:12:10 GET: /books/update/16114902719916333778002d3adc53 user-agent: Mozilla/5.0 (Windows NT 10.0; Win64; x64; rv:85.0) Gecko/20100101 Firefox/85.0
15:12:22 GET: /books/update/16114902719916333778002d3adc53 user-agent: Mozilla/5.0 (Windows NT 10.0; Win64; x64; rv:85.0) Gecko/20100101 Firefox/85.0
15:12:39 GET: /books/update/16114902719916333778002d3adc53 user-agent: Mozilla/5.0 (Windows NT 10.0; Win64; x64; rv:85.0) Gecko/20100101 Firefox/85.0
15:12:47 GET: /books/update/16114902719916333778002d3adc53 user-agent: Mozilla/5.0 (Windows NT 10.0; Win64; x64; rv:85.0) Gecko/20100101 Firefox/85.0
15:13:20 GET: /books/update/16114902719916333778002d3adc53 user-agent: Mozilla/5.0 (Windows NT 10.0; Win64; x64; rv:85.0) Gecko/20100101 Firefox/85.0
15:13:25 POST: /books/update/16114902719916333778002d3adc53 user-agent: Mozilla/5.0 (Windows NT 10.0; Win64; x64; rv:85.0) Gecko/20100101 Firefox/85.0
15:13:25 GET: /books/16114902719916333778002d3adc53 user-agent: Mozilla/5.0 (Windows NT 10.0; Win64; x64; rv:85.0) Gecko/20100101 Firefox/85.0
15:13:35 GET: /books user-agent: Mozilla/5.0 (Windows NT 10.0; Win64; x64; rv:85.0) Gecko/20100101 Firefox/85.0
15:15:0 GET: /books user-agent: Mozilla/5.0 (Windows NT 10.0; Win64; x64; rv:85.0) Gecko/20100101 Firefox/85.0
15:15:5 GET: /books user-agent: Mozilla/5.0 (Windows NT 10.0; Win64; x64; rv:85.0) Gecko/20100101 Firefox/85.0
15:16:32 GET: /books user-agent: Mozilla/5.0 (Windows NT 10.0; Win64; x64; rv:85.0) Gecko/20100101 Firefox/85.0
15:16:36 GET: /books/1611490503857497702900ab475d61 user-agent: Mozilla/5.0 (Windows NT 10.0; Win64; x64; rv:85.0) Gecko/20100101 Firefox/85.0
15:16:44 GET: /books/update/1611490503857497702900ab475d61 user-agent: Mozilla/5.0 (Windows NT 10.0; Win64; x64; rv:85.0) Gecko/20100101 Firefox/85.0
15:17:31 GET: /books/update/1611490503857497702900ab475d61 user-agent: Mozilla/5.0 (Windows NT 10.0; Win64; x64; rv:85.0) Gecko/20100101 Firefox/85.0
15:17:31 GET: /404 user-agent: Mozilla/5.0 (Windows NT 10.0; Win64; x64; rv:85.0) Gecko/20100101 Firefox/85.0
15:17:34 GET: / user-agent: Mozilla/5.0 (Windows NT 10.0; Win64; x64; rv:85.0) Gecko/20100101 Firefox/85.0
15:17:35 GET: /books user-agent: Mozilla/5.0 (Windows NT 10.0; Win64; x64; rv:85.0) Gecko/20100101 Firefox/85.0
15:17:37 GET: /books/16114906495241662139004765d434 user-agent: Mozilla/5.0 (Windows NT 10.0; Win64; x64; rv:85.0) Gecko/20100101 Firefox/85.0
15:17:43 GET: /books/update/16114906495241662139004765d434 user-agent: Mozilla/5.0 (Windows NT 10.0; Win64; x64; rv:85.0) Gecko/20100101 Firefox/85.0
15:18:56 GET: /books/update/16114906495241662139004765d434 user-agent: Mozilla/5.0 (Windows NT 10.0; Win64; x64; rv:85.0) Gecko/20100101 Firefox/85.0
15:19:6 POST: /books/update/16114906495241662139004765d434 user-agent: Mozilla/5.0 (Windows NT 10.0; Win64; x64; rv:85.0) Gecko/20100101 Firefox/85.0
15:19:6 GET: /books/16114906495241662139004765d434 user-agent: Mozilla/5.0 (Windows NT 10.0; Win64; x64; rv:85.0) Gecko/20100101 Firefox/85.0
15:20:45 GET: /books/update/16114906495241662139004765d434 user-agent: Mozilla/5.0 (Windows NT 10.0; Win64; x64; rv:85.0) Gecko/20100101 Firefox/85.0
15:20:50 GET: / user-agent: Mozilla/5.0 (Windows NT 10.0; Win64; x64; rv:85.0) Gecko/20100101 Firefox/85.0
15:20:52 GET: /books user-agent: Mozilla/5.0 (Windows NT 10.0; Win64; x64; rv:85.0) Gecko/20100101 Firefox/85.0
15:20:58 GET: /books/update/16114906495241662139004765d434 user-agent: Mozilla/5.0 (Windows NT 10.0; Win64; x64; rv:85.0) Gecko/20100101 Firefox/85.0
15:21:3 POST: /books/update/16114906495241662139004765d434 user-agent: Mozilla/5.0 (Windows NT 10.0; Win64; x64; rv:85.0) Gecko/20100101 Firefox/85.0
15:21:3 GET: /books/16114906495241662139004765d434 user-agent: Mozilla/5.0 (Windows NT 10.0; Win64; x64; rv:85.0) Gecko/20100101 Firefox/85.0
15:21:32 GET: / user-agent: Mozilla/5.0 (Windows NT 10.0; Win64; x64; rv:85.0) Gecko/20100101 Firefox/85.0
15:21:33 GET: /books user-agent: Mozilla/5.0 (Windows NT 10.0; Win64; x64; rv:85.0) Gecko/20100101 Firefox/85.0
15:21:40 GET: /books user-agent: Mozilla/5.0 (Windows NT 10.0; Win64; x64; rv:85.0) Gecko/20100101 Firefox/85.0
15:21:44 POST: /books/delete/1611490898306947974000793dd5aa user-agent: Mozilla/5.0 (Windows NT 10.0; Win64; x64; rv:85.0) Gecko/20100101 Firefox/85.0
15:21:44 GET: /books user-agent: Mozilla/5.0 (Windows NT 10.0; Win64; x64; rv:85.0) Gecko/20100101 Firefox/85.0
15:21:46 GET: /books/16114908983069480179009f2b810b user-agent: Mozilla/5.0 (Windows NT 10.0; Win64; x64; rv:85.0) Gecko/20100101 Firefox/85.0
15:22:4 GET: /books/161149089830694783570009d85dfc user-agent: Mozilla/5.0 (Windows NT 10.0; Win64; x64; rv:85.0) Gecko/20100101 Firefox/85.0
15:22:9 GET: /books/161149089830694783570009d85dfc user-agent: Mozilla/5.0 (Windows NT 10.0; Win64; x64; rv:85.0) Gecko/20100101 Firefox/85.0
15:22:13 GET: /books/update/161149089830694783570009d85dfc user-agent: Mozilla/5.0 (Windows NT 10.0; Win64; x64; rv:85.0) Gecko/20100101 Firefox/85.0
15:22:17 POST: /books/update/161149089830694783570009d85dfc user-agent: Mozilla/5.0 (Windows NT 10.0; Win64; x64; rv:85.0) Gecko/20100101 Firefox/85.0
15:22:17 GET: /books/161149089830694783570009d85dfc user-agent: Mozilla/5.0 (Windows NT 10.0; Win64; x64; rv:85.0) Gecko/20100101 Firefox/85.0
15:22:22 GET: /books user-agent: Mozilla/5.0 (Windows NT 10.0; Win64; x64; rv:85.0) Gecko/20100101 Firefox/85.0
15:23:11 GET: /books/create user-agent: Mozilla/5.0 (Windows NT 10.0; Win64; x64; rv:85.0) Gecko/20100101 Firefox/85.0
15:24:8 GET: /books/create user-agent: Mozilla/5.0 (Windows NT 10.0; Win64; x64; rv:85.0) Gecko/20100101 Firefox/85.0
15:24:31 POST: /books/create user-agent: Mozilla/5.0 (Windows NT 10.0; Win64; x64; rv:85.0) Gecko/20100101 Firefox/85.0
15:24:31 GET: /books user-agent: Mozilla/5.0 (Windows NT 10.0; Win64; x64; rv:85.0) Gecko/20100101 Firefox/85.0
15:24:36 GET: /books/1611491071554194402100cf67bf48 user-agent: Mozilla/5.0 (Windows NT 10.0; Win64; x64; rv:85.0) Gecko/20100101 Firefox/85.0
15:24:40 GET: /books/1611491046277917363500b6b397f5 user-agent: Mozilla/5.0 (Windows NT 10.0; Win64; x64; rv:85.0) Gecko/20100101 Firefox/85.0
15:26:3 GET: /books/update/1611491071554194402100cf67bf48 user-agent: Mozilla/5.0 (Windows NT 10.0; Win64; x64; rv:85.0) Gecko/20100101 Firefox/85.0
15:26:10 POST: /books/update/1611491071554194402100cf67bf48 user-agent: Mozilla/5.0 (Windows NT 10.0; Win64; x64; rv:85.0) Gecko/20100101 Firefox/85.0
15:26:10 GET: /books/1611491071554194402100cf67bf48 user-agent: Mozilla/5.0 (Windows NT 10.0; Win64; x64; rv:85.0) Gecko/20100101 Firefox/85.0
15:27:37 GET: /books user-agent: Mozilla/5.0 (Windows NT 10.0; Win64; x64; rv:85.0) Gecko/20100101 Firefox/85.0
15:27:40 GET: /books/update/16114910462779174457002369beef user-agent: Mozilla/5.0 (Windows NT 10.0; Win64; x64; rv:85.0) Gecko/20100101 Firefox/85.0
15:27:44 POST: /books/update/16114910462779174457002369beef user-agent: Mozilla/5.0 (Windows NT 10.0; Win64; x64; rv:85.0) Gecko/20100101 Firefox/85.0
15:27:44 GET: /books/16114910462779174457002369beef user-agent: Mozilla/5.0 (Windows NT 10.0; Win64; x64; rv:85.0) Gecko/20100101 Firefox/85.0
15:27:49 GET: /books user-agent: Mozilla/5.0 (Windows NT 10.0; Win64; x64; rv:85.0) Gecko/20100101 Firefox/85.0
15:29:26 GET: /books/update/16114910462779174457002369beef user-agent: Mozilla/5.0 (Windows NT 10.0; Win64; x64; rv:85.0) Gecko/20100101 Firefox/85.0
15:29:26 GET: /404 user-agent: Mozilla/5.0 (Windows NT 10.0; Win64; x64; rv:85.0) Gecko/20100101 Firefox/85.0
15:29:32 GET: /books/update/1611491046277917363500b6b397f5 user-agent: Mozilla/5.0 (Windows NT 10.0; Win64; x64; rv:85.0) Gecko/20100101 Firefox/85.0
15:29:32 GET: /404 user-agent: Mozilla/5.0 (Windows NT 10.0; Win64; x64; rv:85.0) Gecko/20100101 Firefox/85.0
15:29:55 GET: /books user-agent: Mozilla/5.0 (Windows NT 10.0; Win64; x64; rv:85.0) Gecko/20100101 Firefox/85.0
15:30:10 GET: /books/update/1611491389688333387700b01b09eb user-agent: Mozilla/5.0 (Windows NT 10.0; Win64; x64; rv:85.0) Gecko/20100101 Firefox/85.0
15:30:25 GET: /books/update/1611491389688333387700b01b09eb user-agent: Mozilla/5.0 (Windows NT 10.0; Win64; x64; rv:85.0) Gecko/20100101 Firefox/85.0
15:30:25 GET: /404 user-agent: Mozilla/5.0 (Windows NT 10.0; Win64; x64; rv:85.0) Gecko/20100101 Firefox/85.0
15:30:29 GET: / user-agent: Mozilla/5.0 (Windows NT 10.0; Win64; x64; rv:85.0) Gecko/20100101 Firefox/85.0
15:30:32 GET: /books user-agent: Mozilla/5.0 (Windows NT 10.0; Win64; x64; rv:85.0) Gecko/20100101 Firefox/85.0
15:30:37 GET: /books/update/16114914205551950268001f271b99 user-agent: Mozilla/5.0 (Windows NT 10.0; Win64; x64; rv:85.0) Gecko/20100101 Firefox/85.0
15:30:45 POST: /books/update/16114914205551950268001f271b99 user-agent: Mozilla/5.0 (Windows NT 10.0; Win64; x64; rv:85.0) Gecko/20100101 Firefox/85.0
15:31:16 GET: /books user-agent: Mozilla/5.0 (Windows NT 10.0; Win64; x64; rv:85.0) Gecko/20100101 Firefox/85.0
15:31:54 GET: /books/update/161149146945597467300feaf9155 user-agent: Mozilla/5.0 (Windows NT 10.0; Win64; x64; rv:85.0) Gecko/20100101 Firefox/85.0
15:32:20 POST: /books/update/161149146945597467300feaf9155 user-agent: Mozilla/5.0 (Windows NT 10.0; Win64; x64; rv:85.0) Gecko/20100101 Firefox/85.0
19:36:5 GET: / user-agent: Mozilla/5.0 (Windows NT 10.0; Win64; x64; rv:85.0) Gecko/20100101 Firefox/85.0
20:9:11 GET: / user-agent: Mozilla/5.0 (Windows NT 10.0; Win64; x64; rv:85.0) Gecko/20100101 Firefox/85.0
20:9:12 GET: /favicon.ico user-agent: Mozilla/5.0 (Windows NT 10.0; Win64; x64; rv:85.0) Gecko/20100101 Firefox/85.0
20:9:13 GET: /books user-agent: Mozilla/5.0 (Windows NT 10.0; Win64; x64; rv:85.0) Gecko/20100101 Firefox/85.0
20:9:16 GET: /books user-agent: Mozilla/5.0 (Windows NT 10.0; Win64; x64; rv:85.0) Gecko/20100101 Firefox/85.0
20:9:18 GET: /books user-agent: Mozilla/5.0 (Windows NT 10.0; Win64; x64; rv:85.0) Gecko/20100101 Firefox/85.0
20:9:21 GET: /books/create user-agent: Mozilla/5.0 (Windows NT 10.0; Win64; x64; rv:85.0) Gecko/20100101 Firefox/85.0
20:9:24 POST: /books/create user-agent: Mozilla/5.0 (Windows NT 10.0; Win64; x64; rv:85.0) Gecko/20100101 Firefox/85.0
20:9:24 GET: /books user-agent: Mozilla/5.0 (Windows NT 10.0; Win64; x64; rv:85.0) Gecko/20100101 Firefox/85.0
20:14:52 GET: /books user-agent: Mozilla/5.0 (Windows NT 10.0; Win64; x64; rv:85.0) Gecko/20100101 Firefox/85.0
21:44:58 GET: /books user-agent: Mozilla/5.0 (Windows NT 10.0; Win64; x64; rv:85.0) Gecko/20100101 Firefox/85.0
21:49:47 GET: /books user-agent: Mozilla/5.0 (Windows NT 10.0; Win64; x64; rv:85.0) Gecko/20100101 Firefox/85.0
21:50:8 GET: / user-agent: Mozilla/5.0 (Windows NT 10.0; Win64; x64; rv:85.0) Gecko/20100101 Firefox/85.0
21:50:10 GET: / user-agent: Mozilla/5.0 (Windows NT 10.0; Win64; x64; rv:85.0) Gecko/20100101 Firefox/85.0
21:50:39 GET: /books user-agent: Mozilla/5.0 (Windows NT 10.0; Win64; x64; rv:85.0) Gecko/20100101 Firefox/85.0
21:51:1 GET: /books user-agent: Mozilla/5.0 (Windows NT 10.0; Win64; x64; rv:85.0) Gecko/20100101 Firefox/85.0
21:51:2 GET: /favicon.ico user-agent: Mozilla/5.0 (Windows NT 10.0; Win64; x64; rv:85.0) Gecko/20100101 Firefox/85.0
21:54:10 GET: / user-agent: Mozilla/5.0 (Windows NT 10.0; Win64; x64; rv:85.0) Gecko/20100101 Firefox/85.0
21:54:18 GET: /books user-agent: Mozilla/5.0 (Windows NT 10.0; Win64; x64; rv:85.0) Gecko/20100101 Firefox/85.0
21:54:41 GET: /books/create user-agent: Mozilla/5.0 (Windows NT 10.0; Win64; x64; rv:85.0) Gecko/20100101 Firefox/85.0
21:58:11 GET: /books/create user-agent: Mozilla/5.0 (Windows NT 10.0; Win64; x64; rv:85.0) Gecko/20100101 Firefox/85.0
22:2:36 GET: /books/create user-agent: Mozilla/5.0 (Windows NT 10.0; Win64; x64; rv:85.0) Gecko/20100101 Firefox/85.0
22:3:24 POST: /books/create user-agent: Mozilla/5.0 (Windows NT 10.0; Win64; x64; rv:85.0) Gecko/20100101 Firefox/85.0
22:5:16 GET: /books/create user-agent: Mozilla/5.0 (Windows NT 10.0; Win64; x64; rv:85.0) Gecko/20100101 Firefox/85.0
22:8:37 POST: /books/create user-agent: Mozilla/5.0 (Windows NT 10.0; Win64; x64; rv:85.0) Gecko/20100101 Firefox/85.0
22:8:38 GET: /books user-agent: Mozilla/5.0 (Windows NT 10.0; Win64; x64; rv:85.0) Gecko/20100101 Firefox/85.0
22:14:52 GET: /books user-agent: Mozilla/5.0 (Windows NT 10.0; Win64; x64; rv:85.0) Gecko/20100101 Firefox/85.0
22:14:58 GET: /books/16115153157922218800001643d2a5 user-agent: Mozilla/5.0 (Windows NT 10.0; Win64; x64; rv:85.0) Gecko/20100101 Firefox/85.0
22:14:58 GET: /404 user-agent: Mozilla/5.0 (Windows NT 10.0; Win64; x64; rv:85.0) Gecko/20100101 Firefox/85.0
22:15:4 GET: /books user-agent: Mozilla/5.0 (Windows NT 10.0; Win64; x64; rv:85.0) Gecko/20100101 Firefox/85.0
22:15:9 GET: /books/16115153157922218800001643d2a5 user-agent: Mozilla/5.0 (Windows NT 10.0; Win64; x64; rv:85.0) Gecko/20100101 Firefox/85.0
22:15:9 GET: /404 user-agent: Mozilla/5.0 (Windows NT 10.0; Win64; x64; rv:85.0) Gecko/20100101 Firefox/85.0
22:15:56 GET: /books/16115153157922218800001643d2a5 user-agent: Mozilla/5.0 (Windows NT 10.0; Win64; x64; rv:85.0) Gecko/20100101 Firefox/85.0
22:15:56 GET: /404 user-agent: Mozilla/5.0 (Windows NT 10.0; Win64; x64; rv:85.0) Gecko/20100101 Firefox/85.0
22:16:1 GET: /16115153157922218800001643d2a5 user-agent: Mozilla/5.0 (Windows NT 10.0; Win64; x64; rv:85.0) Gecko/20100101 Firefox/85.0
22:16:10 GET: /books user-agent: Mozilla/5.0 (Windows NT 10.0; Win64; x64; rv:85.0) Gecko/20100101 Firefox/85.0
22:17:20 GET: /books/16115153157922218800001643d2a5 user-agent: Mozilla/5.0 (Windows NT 10.0; Win64; x64; rv:85.0) Gecko/20100101 Firefox/85.0
22:17:20 GET: /404 user-agent: Mozilla/5.0 (Windows NT 10.0; Win64; x64; rv:85.0) Gecko/20100101 Firefox/85.0
22:17:23 GET: /404 user-agent: Mozilla/5.0 (Windows NT 10.0; Win64; x64; rv:85.0) Gecko/20100101 Firefox/85.0
22:18:18 GET: /books user-agent: Mozilla/5.0 (Windows NT 10.0; Win64; x64; rv:85.0) Gecko/20100101 Firefox/85.0
22:18:21 GET: /404 user-agent: Mozilla/5.0 (Windows NT 10.0; Win64; x64; rv:85.0) Gecko/20100101 Firefox/85.0
22:18:21 GET: /books/16115153157922218800001643d2a5 user-agent: Mozilla/5.0 (Windows NT 10.0; Win64; x64; rv:85.0) Gecko/20100101 Firefox/85.0
22:18:43 GET: /books/600dc5b5b193f61238d8b0d7 user-agent: Mozilla/5.0 (Windows NT 10.0; Win64; x64; rv:85.0) Gecko/20100101 Firefox/85.0
22:19:56 GET: / user-agent: Mozilla/5.0 (Windows NT 10.0; Win64; x64; rv:85.0) Gecko/20100101 Firefox/85.0
22:19:58 GET: /books user-agent: Mozilla/5.0 (Windows NT 10.0; Win64; x64; rv:85.0) Gecko/20100101 Firefox/85.0
22:19:59 GET: /books/create user-agent: Mozilla/5.0 (Windows NT 10.0; Win64; x64; rv:85.0) Gecko/20100101 Firefox/85.0
22:20:3 POST: /books/create user-agent: Mozilla/5.0 (Windows NT 10.0; Win64; x64; rv:85.0) Gecko/20100101 Firefox/85.0
22:20:3 GET: /books user-agent: Mozilla/5.0 (Windows NT 10.0; Win64; x64; rv:85.0) Gecko/20100101 Firefox/85.0
22:20:5 GET: /books/600dc8636a2e6a1d94a658c6 user-agent: Mozilla/5.0 (Windows NT 10.0; Win64; x64; rv:85.0) Gecko/20100101 Firefox/85.0
22:23:38 GET: /books/600dc8636a2e6a1d94a658c6 user-agent: Mozilla/5.0 (Windows NT 10.0; Win64; x64; rv:85.0) Gecko/20100101 Firefox/85.0
22:23:39 GET: /books user-agent: Mozilla/5.0 (Windows NT 10.0; Win64; x64; rv:85.0) Gecko/20100101 Firefox/85.0
22:23:52 GET: /books/create user-agent: Mozilla/5.0 (Windows NT 10.0; Win64; x64; rv:85.0) Gecko/20100101 Firefox/85.0
22:23:56 POST: /books/create user-agent: Mozilla/5.0 (Windows NT 10.0; Win64; x64; rv:85.0) Gecko/20100101 Firefox/85.0
22:23:56 GET: /books user-agent: Mozilla/5.0 (Windows NT 10.0; Win64; x64; rv:85.0) Gecko/20100101 Firefox/85.0
22:24:27 GET: /books/600dc8636a2e6a1d94a658c6 user-agent: Mozilla/5.0 (Windows NT 10.0; Win64; x64; rv:85.0) Gecko/20100101 Firefox/85.0
22:24:33 GET: /books/update/600dc8636a2e6a1d94a658c6 user-agent: Mozilla/5.0 (Windows NT 10.0; Win64; x64; rv:85.0) Gecko/20100101 Firefox/85.0
22:24:50 GET: /books/update/600dc8636a2e6a1d94a658c6 user-agent: Mozilla/5.0 (Windows NT 10.0; Win64; x64; rv:85.0) Gecko/20100101 Firefox/85.0
22:24:55 POST: /books/update/600dc8636a2e6a1d94a658c6 user-agent: Mozilla/5.0 (Windows NT 10.0; Win64; x64; rv:85.0) Gecko/20100101 Firefox/85.0
22:24:55 GET: /book/600dc8636a2e6a1d94a658c6 user-agent: Mozilla/5.0 (Windows NT 10.0; Win64; x64; rv:85.0) Gecko/20100101 Firefox/85.0
22:47:52 GET: /book/600dc8636a2e6a1d94a658c6 user-agent: Mozilla/5.0 (Windows NT 10.0; Win64; x64; rv:85.0) Gecko/20100101 Firefox/85.0
22:47:52 GET: /favicon.ico user-agent: Mozilla/5.0 (Windows NT 10.0; Win64; x64; rv:85.0) Gecko/20100101 Firefox/85.0
22:48:37 POST: /books/update/600dc8636a2e6a1d94a658c6 user-agent: Mozilla/5.0 (Windows NT 10.0; Win64; x64; rv:85.0) Gecko/20100101 Firefox/85.0
22:48:37 GET: /books/600dc8636a2e6a1d94a658c6 user-agent: Mozilla/5.0 (Windows NT 10.0; Win64; x64; rv:85.0) Gecko/20100101 Firefox/85.0
22:48:56 GET: /books user-agent: Mozilla/5.0 (Windows NT 10.0; Win64; x64; rv:85.0) Gecko/20100101 Firefox/85.0
22:48:59 GET: /books/update/600dc8636a2e6a1d94a658c6 user-agent: Mozilla/5.0 (Windows NT 10.0; Win64; x64; rv:85.0) Gecko/20100101 Firefox/85.0
22:49:2 POST: /books/update/600dc8636a2e6a1d94a658c6 user-agent: Mozilla/5.0 (Windows NT 10.0; Win64; x64; rv:85.0) Gecko/20100101 Firefox/85.0
22:49:2 GET: /books/600dc8636a2e6a1d94a658c6 user-agent: Mozilla/5.0 (Windows NT 10.0; Win64; x64; rv:85.0) Gecko/20100101 Firefox/85.0
22:49:21 POST: /books/delete/600dc8636a2e6a1d94a658c6 user-agent: Mozilla/5.0 (Windows NT 10.0; Win64; x64; rv:85.0) Gecko/20100101 Firefox/85.0
22:49:22 GET: /book user-agent: Mozilla/5.0 (Windows NT 10.0; Win64; x64; rv:85.0) Gecko/20100101 Firefox/85.0
22:49:47 GET: /books user-agent: Mozilla/5.0 (Windows NT 10.0; Win64; x64; rv:85.0) Gecko/20100101 Firefox/85.0
22:52:24 GET: /books user-agent: Mozilla/5.0 (Windows NT 10.0; Win64; x64; rv:85.0) Gecko/20100101 Firefox/85.0
23:5:7 GET: /books user-agent: Mozilla/5.0 (Windows NT 10.0; Win64; x64; rv:85.0) Gecko/20100101 Firefox/85.0
23:5:13 GET: /books/16115187060925305358001965478b user-agent: Mozilla/5.0 (Windows NT 10.0; Win64; x64; rv:85.0) Gecko/20100101 Firefox/85.0
23:7:47 GET: /books/16115187060925305358001965478b user-agent: Mozilla/5.0 (Windows NT 10.0; Win64; x64; rv:85.0) Gecko/20100101 Firefox/85.0
23:7:47 GET: /404 user-agent: Mozilla/5.0 (Windows NT 10.0; Win64; x64; rv:85.0) Gecko/20100101 Firefox/85.0
23:7:50 GET: / user-agent: Mozilla/5.0 (Windows NT 10.0; Win64; x64; rv:85.0) Gecko/20100101 Firefox/85.0
23:7:52 GET: /books user-agent: Mozilla/5.0 (Windows NT 10.0; Win64; x64; rv:85.0) Gecko/20100101 Firefox/85.0
23:7:53 GET: /books/1611518866122553533500348ec307 user-agent: Mozilla/5.0 (Windows NT 10.0; Win64; x64; rv:85.0) Gecko/20100101 Firefox/85.0
23:7:53 GET: /404 user-agent: Mozilla/5.0 (Windows NT 10.0; Win64; x64; rv:85.0) Gecko/20100101 Firefox/85.0
23:7:59 GET: /books/1611518866122553533500348ec307 user-agent: Mozilla/5.0 (Windows NT 10.0; Win64; x64; rv:85.0) Gecko/20100101 Firefox/85.0
23:7:59 GET: /404 user-agent: Mozilla/5.0 (Windows NT 10.0; Win64; x64; rv:85.0) Gecko/20100101 Firefox/85.0
23:8:1 GET: /books/update/1611518866122553533500348ec307 user-agent: Mozilla/5.0 (Windows NT 10.0; Win64; x64; rv:85.0) Gecko/20100101 Firefox/85.0
23:8:2 GET: /404 user-agent: Mozilla/5.0 (Windows NT 10.0; Win64; x64; rv:85.0) Gecko/20100101 Firefox/85.0
23:9:49 GET: /api/books user-agent: Mozilla/5.0 (Windows NT 10.0; Win64; x64; rv:85.0) Gecko/20100101 Firefox/85.0
23:10:1 GET: /api/books user-agent: PostmanRuntime/7.26.10
23:10:24 GET: /api/books/1611518866122553533500348ec307 user-agent: PostmanRuntime/7.26.10
23:10:36 GET: /api/books user-agent: PostmanRuntime/7.26.10
23:12:11 GET: /api/books user-agent: PostmanRuntime/7.26.10
23:12:23 GET: /api/books/1611519125394824105700be450f82 user-agent: PostmanRuntime/7.26.10
23:12:29 GET: /api/books/ user-agent: PostmanRuntime/7.26.10
23:12:35 GET: /api/books/600dc94c263cd82e103f3ce2 user-agent: PostmanRuntime/7.26.10
23:12:54 GET: /api/books/ user-agent: PostmanRuntime/7.26.10
23:16:1 GET: /api/books/ user-agent: PostmanRuntime/7.26.10
23:16:11 GET: /api/books/600dc94c263cd82e103f3ce2 user-agent: PostmanRuntime/7.26.10
23:16:30 GET: /api/books/ user-agent: PostmanRuntime/7.26.10
23:17:30 POST: /api/books/ user-agent: PostmanRuntime/7.26.10
23:18:52 PUT: /api/books/600dd5da16039209584dbd97 user-agent: PostmanRuntime/7.26.10
23:18:52 PUT: /api/books/600dd5da16039209584dbd97 user-agent: PostmanRuntime/7.26.10
23:18:53 PUT: /api/books/600dd5da16039209584dbd97 user-agent: PostmanRuntime/7.26.10
23:18:53 PUT: /api/books/600dd5da16039209584dbd97 user-agent: PostmanRuntime/7.26.10
23:18:53 PUT: /api/books/600dd5da16039209584dbd97 user-agent: PostmanRuntime/7.26.10
23:18:53 PUT: /api/books/600dd5da16039209584dbd97 user-agent: PostmanRuntime/7.26.10
23:18:53 PUT: /api/books/600dd5da16039209584dbd97 user-agent: PostmanRuntime/7.26.10
23:18:53 PUT: /api/books/600dd5da16039209584dbd97 user-agent: PostmanRuntime/7.26.10
23:18:53 PUT: /api/books/600dd5da16039209584dbd97 user-agent: PostmanRuntime/7.26.10
23:18:54 PUT: /api/books/600dd5da16039209584dbd97 user-agent: PostmanRuntime/7.26.10
23:18:54 PUT: /api/books/600dd5da16039209584dbd97 user-agent: PostmanRuntime/7.26.10
23:18:54 PUT: /api/books/600dd5da16039209584dbd97 user-agent: PostmanRuntime/7.26.10
23:18:54 PUT: /api/books/600dd5da16039209584dbd97 user-agent: PostmanRuntime/7.26.10
23:18:54 PUT: /api/books/600dd5da16039209584dbd97 user-agent: PostmanRuntime/7.26.10
23:18:54 PUT: /api/books/600dd5da16039209584dbd97 user-agent: PostmanRuntime/7.26.10
23:18:54 PUT: /api/books/600dd5da16039209584dbd97 user-agent: PostmanRuntime/7.26.10
23:18:55 PUT: /api/books/600dd5da16039209584dbd97 user-agent: PostmanRuntime/7.26.10
23:18:55 PUT: /api/books/600dd5da16039209584dbd97 user-agent: PostmanRuntime/7.26.10
23:18:55 PUT: /api/books/600dd5da16039209584dbd97 user-agent: PostmanRuntime/7.26.10
23:18:56 PUT: /api/books/600dd5da16039209584dbd97 user-agent: PostmanRuntime/7.26.10
23:18:56 PUT: /api/books/600dd5da16039209584dbd97 user-agent: PostmanRuntime/7.26.10
23:18:59 PUT: /api/books/600dd5da16039209584dbd97 user-agent: PostmanRuntime/7.26.10
23:18:59 PUT: /api/books/600dd5da16039209584dbd97 user-agent: PostmanRuntime/7.26.10
23:19:0 PUT: /api/books/600dd5da16039209584dbd97 user-agent: PostmanRuntime/7.26.10
23:19:0 PUT: /api/books/600dd5da16039209584dbd97 user-agent: PostmanRuntime/7.26.10
23:19:0 PUT: /api/books/600dd5da16039209584dbd97 user-agent: PostmanRuntime/7.26.10
23:19:0 PUT: /api/books/600dd5da16039209584dbd97 user-agent: PostmanRuntime/7.26.10
23:19:0 PUT: /api/books/600dd5da16039209584dbd97 user-agent: PostmanRuntime/7.26.10
23:19:0 PUT: /api/books/600dd5da16039209584dbd97 user-agent: PostmanRuntime/7.26.10
23:19:1 PUT: /api/books/600dd5da16039209584dbd97 user-agent: PostmanRuntime/7.26.10
23:19:1 PUT: /api/books/600dd5da16039209584dbd97 user-agent: PostmanRuntime/7.26.10
23:19:1 PUT: /api/books/600dd5da16039209584dbd97 user-agent: PostmanRuntime/7.26.10
23:19:1 PUT: /api/books/600dd5da16039209584dbd97 user-agent: PostmanRuntime/7.26.10
23:19:1 PUT: /api/books/600dd5da16039209584dbd97 user-agent: PostmanRuntime/7.26.10
23:19:1 PUT: /api/books/600dd5da16039209584dbd97 user-agent: PostmanRuntime/7.26.10
23:19:1 PUT: /api/books/600dd5da16039209584dbd97 user-agent: PostmanRuntime/7.26.10
23:19:2 PUT: /api/books/600dd5da16039209584dbd97 user-agent: PostmanRuntime/7.26.10
23:19:2 PUT: /api/books/600dd5da16039209584dbd97 user-agent: PostmanRuntime/7.26.10
23:19:2 PUT: /api/books/600dd5da16039209584dbd97 user-agent: PostmanRuntime/7.26.10
23:19:2 PUT: /api/books/600dd5da16039209584dbd97 user-agent: PostmanRuntime/7.26.10
23:19:2 PUT: /api/books/600dd5da16039209584dbd97 user-agent: PostmanRuntime/7.26.10
23:19:2 PUT: /api/books/600dd5da16039209584dbd97 user-agent: PostmanRuntime/7.26.10
23:19:48 PUT: /api/books/600dd5da16039209584dbd97 user-agent: PostmanRuntime/7.26.10
23:19:48 PUT: /api/books/600dd5da16039209584dbd97 user-agent: PostmanRuntime/7.26.10
23:19:48 PUT: /api/books/600dd5da16039209584dbd97 user-agent: PostmanRuntime/7.26.10
23:19:49 PUT: /api/books/600dd5da16039209584dbd97 user-agent: PostmanRuntime/7.26.10
23:19:49 PUT: /api/books/600dd5da16039209584dbd97 user-agent: PostmanRuntime/7.26.10
23:19:49 PUT: /api/books/600dd5da16039209584dbd97 user-agent: PostmanRuntime/7.26.10
23:19:49 PUT: /api/books/600dd5da16039209584dbd97 user-agent: PostmanRuntime/7.26.10
23:19:49 PUT: /api/books/600dd5da16039209584dbd97 user-agent: PostmanRuntime/7.26.10
23:19:49 PUT: /api/books/600dd5da16039209584dbd97 user-agent: PostmanRuntime/7.26.10
23:19:49 PUT: /api/books/600dd5da16039209584dbd97 user-agent: PostmanRuntime/7.26.10
23:19:50 PUT: /api/books/600dd5da16039209584dbd97 user-agent: PostmanRuntime/7.26.10
23:19:50 PUT: /api/books/600dd5da16039209584dbd97 user-agent: PostmanRuntime/7.26.10
23:19:50 PUT: /api/books/600dd5da16039209584dbd97 user-agent: PostmanRuntime/7.26.10
23:19:50 PUT: /api/books/600dd5da16039209584dbd97 user-agent: PostmanRuntime/7.26.10
23:19:50 PUT: /api/books/600dd5da16039209584dbd97 user-agent: PostmanRuntime/7.26.10
23:19:50 PUT: /api/books/600dd5da16039209584dbd97 user-agent: PostmanRuntime/7.26.10
23:19:51 PUT: /api/books/600dd5da16039209584dbd97 user-agent: PostmanRuntime/7.26.10
23:19:51 PUT: /api/books/600dd5da16039209584dbd97 user-agent: PostmanRuntime/7.26.10
23:19:51 PUT: /api/books/600dd5da16039209584dbd97 user-agent: PostmanRuntime/7.26.10
23:19:51 PUT: /api/books/600dd5da16039209584dbd97 user-agent: PostmanRuntime/7.26.10
23:19:51 PUT: /api/books/600dd5da16039209584dbd97 user-agent: PostmanRuntime/7.26.10
23:20:22 DELETE: /api/books/600dd5da16039209584dbd97 user-agent: PostmanRuntime/7.26.10
23:21:24 GET: / user-agent: Mozilla/5.0 (Windows NT 10.0; Win64; x64; rv:85.0) Gecko/20100101 Firefox/85.0
23:21:28 GET: /books user-agent: Mozilla/5.0 (Windows NT 10.0; Win64; x64; rv:85.0) Gecko/20100101 Firefox/85.0
23:21:33 GET: /books/create user-agent: Mozilla/5.0 (Windows NT 10.0; Win64; x64; rv:85.0) Gecko/20100101 Firefox/85.0
23:21:36 POST: /books/create user-agent: Mozilla/5.0 (Windows NT 10.0; Win64; x64; rv:85.0) Gecko/20100101 Firefox/85.0
23:21:36 GET: /books user-agent: Mozilla/5.0 (Windows NT 10.0; Win64; x64; rv:85.0) Gecko/20100101 Firefox/85.0
23:21:55 GET: /books/create user-agent: Mozilla/5.0 (Windows NT 10.0; Win64; x64; rv:85.0) Gecko/20100101 Firefox/85.0
23:22:0 POST: /books/create user-agent: Mozilla/5.0 (Windows NT 10.0; Win64; x64; rv:85.0) Gecko/20100101 Firefox/85.0
23:22:1 GET: /books user-agent: Mozilla/5.0 (Windows NT 10.0; Win64; x64; rv:85.0) Gecko/20100101 Firefox/85.0
